<?xml version="1.0" encoding="UTF-8"?>
<testsuite xmlns:xsi="http://www.w3.org/2001/XMLSchema-instance" xsi:noNamespaceSchemaLocation="https://maven.apache.org/surefire/maven-surefire-plugin/xsd/surefire-test-report.xsd" name="models.BookCatalogTest" time="0.062" tests="5" errors="0" skipped="0" failures="0">
  <properties>
[...]
</properties>
  <testcase name="testAddABook" classname="models.BookCatalogTest" time="0.032"/>
  <testcase name="testFindBook" classname="models.BookCatalogTest" time="0.015"/>
  <testcase name="testFindBookIgnoringCase" classname="models.BookCatalogTest" time="0"/>
  <testcase name="testFindBookWithExtraSpaces" classname="models.BookCatalogTest" time="0"/>
  <testcase name="testFindBookThatDoesntExist" classname="models.BookCatalogTest" time="0"/>
</testsuite>